{"/home/my/Documents/jest-practise/functions/Math.js": {"path":"/home/my/Documents/jest-practise/functions/Math.js","statementMap":{"0":{"start":{"line":1,"column":16},"end":{"line":1,"column":50}},"1":{"start":{"line":1,"column":23},"end":{"line":1,"column":49}},"2":{"start":{"line":2,"column":12},"end":{"line":2,"column":27}},"3":{"start":{"line":2,"column":22},"end":{"line":2,"column":27}},"4":{"start":{"line":4,"column":0},"end":{"line":4,"column":34}}},"fnMap":{"0":{"name":"(anonymous_0)","decl":{"start":{"line":1,"column":16},"end":{"line":1,"column":17}},"loc":{"start":{"line":1,"column":23},"end":{"line":1,"column":49}},"line":1},"1":{"name":"(anonymous_1)","decl":{"start":{"line":2,"column":12},"end":{"line":2,"column":13}},"loc":{"start":{"line":2,"column":22},"end":{"line":2,"column":27}},"line":2}},"branchMap":{},"s":{"0":1,"1":2,"2":1,"3":1,"4":1},"f":{"0":2,"1":1},"b":{},"_coverageSchema":"1a1c01bbd47fc00a2c39e90264f33305004495a9","hash":"c863fe3ab6ac5d582582930ac8cf27b97aa99583"}
,"/home/my/Documents/jest-practise/functions/Promise.js": {"path":"/home/my/Documents/jest-practise/functions/Promise.js","statementMap":{"0":{"start":{"line":1,"column":16},"end":{"line":3,"column":1}},"1":{"start":{"line":2,"column":4},"end":{"line":2,"column":44}},"2":{"start":{"line":4,"column":0},"end":{"line":4,"column":26}}},"fnMap":{"0":{"name":"(anonymous_0)","decl":{"start":{"line":1,"column":16},"end":{"line":1,"column":17}},"loc":{"start":{"line":1,"column":20},"end":{"line":3,"column":1}},"line":1}},"branchMap":{},"s":{"0":2,"1":3,"2":2},"f":{"0":3},"b":{},"_coverageSchema":"1a1c01bbd47fc00a2c39e90264f33305004495a9","hash":"fc4a57178cc643e99690d60512a77c03d31ba8da"}
,"/home/my/Documents/jest-practise/functions/add.js": {"path":"/home/my/Documents/jest-practise/functions/add.js","statementMap":{"0":{"start":{"line":1,"column":11},"end":{"line":3,"column":1}},"1":{"start":{"line":2,"column":4},"end":{"line":2,"column":14}},"2":{"start":{"line":4,"column":0},"end":{"line":4,"column":20}}},"fnMap":{"0":{"name":"(anonymous_0)","decl":{"start":{"line":1,"column":11},"end":{"line":1,"column":12}},"loc":{"start":{"line":1,"column":18},"end":{"line":3,"column":1}},"line":1}},"branchMap":{},"s":{"0":1,"1":1,"2":1},"f":{"0":1},"b":{},"_coverageSchema":"1a1c01bbd47fc00a2c39e90264f33305004495a9","hash":"7f1c0e9f544eeedffb07c6e5e3adcbd43f1218a5"}
,"/home/my/Documents/jest-practise/functions/welcome.js": {"path":"/home/my/Documents/jest-practise/functions/welcome.js","statementMap":{"0":{"start":{"line":1,"column":17},"end":{"line":1,"column":46}},"1":{"start":{"line":2,"column":18},"end":{"line":4,"column":1}},"2":{"start":{"line":3,"column":4},"end":{"line":3,"column":25}},"3":{"start":{"line":5,"column":0},"end":{"line":5,"column":29}}},"fnMap":{"0":{"name":"(anonymous_0)","decl":{"start":{"line":2,"column":18},"end":{"line":2,"column":19}},"loc":{"start":{"line":2,"column":26},"end":{"line":4,"column":1}},"line":2}},"branchMap":{},"s":{"0":1,"1":1,"2":1,"3":1},"f":{"0":1},"b":{},"_coverageSchema":"1a1c01bbd47fc00a2c39e90264f33305004495a9","hash":"8962bad2d15e18a03b2f4ea7d1b0ca9a215f581c"}
,"/home/my/Documents/jest-practise/functions/mockFunction/ProductService.js": {"path":"/home/my/Documents/jest-practise/functions/mockFunction/ProductService.js","statementMap":{"0":{"start":{"line":1,"column":20},"end":{"line":5,"column":1}},"1":{"start":{"line":2,"column":20},"end":{"line":2,"column":65}},"2":{"start":{"line":3,"column":15},"end":{"line":3,"column":36}},"3":{"start":{"line":4,"column":4},"end":{"line":4,"column":25}},"4":{"start":{"line":6,"column":28},"end":{"line":9,"column":1}},"5":{"start":{"line":7,"column":21},"end":{"line":7,"column":36}},"6":{"start":{"line":8,"column":4},"end":{"line":8,"column":46}},"7":{"start":{"line":8,"column":38},"end":{"line":8,"column":45}},"8":{"start":{"line":10,"column":0},"end":{"line":10,"column":50}}},"fnMap":{"0":{"name":"(anonymous_0)","decl":{"start":{"line":1,"column":20},"end":{"line":1,"column":21}},"loc":{"start":{"line":1,"column":29},"end":{"line":5,"column":1}},"line":1},"1":{"name":"(anonymous_1)","decl":{"start":{"line":6,"column":28},"end":{"line":6,"column":29}},"loc":{"start":{"line":6,"column":63},"end":{"line":9,"column":1}},"line":6},"2":{"name":"(anonymous_2)","decl":{"start":{"line":8,"column":35},"end":{"line":8,"column":36}},"loc":{"start":{"line":8,"column":38},"end":{"line":8,"column":45}},"line":8}},"branchMap":{"0":{"loc":{"start":{"line":6,"column":35},"end":{"line":6,"column":58}},"type":"default-arg","locations":[{"start":{"line":6,"column":45},"end":{"line":6,"column":58}}],"line":6}},"s":{"0":1,"1":0,"2":0,"3":0,"4":1,"5":1,"6":1,"7":3,"8":1},"f":{"0":0,"1":1,"2":3},"b":{"0":[0]},"_coverageSchema":"1a1c01bbd47fc00a2c39e90264f33305004495a9","hash":"8d1a8141a0adf6533c4664f52274e0f7f523971b"}
,"/home/my/Documents/jest-practise/functions/mockFunction/forEach.js": {"path":"/home/my/Documents/jest-practise/functions/mockFunction/forEach.js","statementMap":{"0":{"start":{"line":1,"column":14},"end":{"line":5,"column":1}},"1":{"start":{"line":2,"column":4},"end":{"line":4,"column":5}},"2":{"start":{"line":3,"column":8},"end":{"line":3,"column":22}},"3":{"start":{"line":6,"column":0},"end":{"line":6,"column":24}}},"fnMap":{"0":{"name":"(anonymous_0)","decl":{"start":{"line":1,"column":14},"end":{"line":1,"column":15}},"loc":{"start":{"line":1,"column":32},"end":{"line":5,"column":1}},"line":1}},"branchMap":{},"s":{"0":1,"1":1,"2":2,"3":1},"f":{"0":1},"b":{},"_coverageSchema":"1a1c01bbd47fc00a2c39e90264f33305004495a9","hash":"bfda8eb0b1dc272d005843c638c198edf0e9a4ab"}
}
